<?xml version="1.0" encoding="UTF-8"?>
<!-- Generated by org.testng.reporters.JUnitXMLReporter -->
<testsuite ignored="0" hostname="LAPTOP-FL97G1RP" failures="0" tests="30" name="Test" time="30.544" errors="0" timestamp="2023-06-15T18:58:30 IST">
  <testcase classname="com.qa.testcases.NewCustomerValidations" name="@BeforeMethod startTesting" time="29.9">
    <failure type="org.openqa.selenium.NoSuchElementException" message="no such element: Unable to locate element: {&amp;quot;method&amp;quot;:&amp;quot;xpath&amp;quot;,&amp;quot;selector&amp;quot;:&amp;quot;//div[@id=&amp;quot;dismiss-button&amp;quot;]&amp;quot;}
  (Session info: MicrosoftEdge=114.0.1823.43)
For documentation on this error, please visit: https://selenium.dev/exceptions/#no_such_element
Build info: version: &amp;apos;4.9.1&amp;apos;, revision: &amp;apos;eb2032df7f&amp;apos;
System info: os.name: &amp;apos;Windows 11&amp;apos;, os.arch: &amp;apos;amd64&amp;apos;, os.version: &amp;apos;10.0&amp;apos;, java.version: &amp;apos;20&amp;apos;
Driver info: org.openqa.selenium.edge.EdgeDriver
Command: [bc27cc20f1833e7a3d9a0e74137251aa, findElement {using=xpath, value=//div[@id=&amp;quot;dismiss-button&amp;quot;]}]
Capabilities {acceptInsecureCerts: false, browserName: msedge, browserVersion: 114.0.1823.43, ms:edgeOptions: {debuggerAddress: localhost:54339}, msedge: {msedgedriverVersion: 114.0.1823.43 (ef5b3acd8c1d..., userDataDir: C:\Users\HP\AppData\Local\T...}, networkConnectionEnabled: false, pageLoadStrategy: normal, platformName: windows, proxy: Proxy(), se:cdp: ws://localhost:54339/devtoo..., se:cdpVersion: 114.0.1823.43, setWindowRect: true, strictFileInteractability: false, timeouts: {implicit: 0, pageLoad: 300000, script: 30000}, unhandledPromptBehavior: dismiss and notify, webauthn:extension:credBlob: true, webauthn:extension:largeBlob: true, webauthn:extension:minPinLength: true, webauthn:extension:prf: true, webauthn:virtualAuthenticators: true}
Session ID: bc27cc20f1833e7a3d9a0e74137251aa">
      <![CDATA[org.openqa.selenium.NoSuchElementException: no such element: Unable to locate element: {"method":"xpath","selector":"//div[@id="dismiss-button"]"}
  (Session info: MicrosoftEdge=114.0.1823.43)
For documentation on this error, please visit: https://selenium.dev/exceptions/#no_such_element
Build info: version: '4.9.1', revision: 'eb2032df7f'
System info: os.name: 'Windows 11', os.arch: 'amd64', os.version: '10.0', java.version: '20'
Driver info: org.openqa.selenium.edge.EdgeDriver
Command: [bc27cc20f1833e7a3d9a0e74137251aa, findElement {using=xpath, value=//div[@id="dismiss-button"]}]
Capabilities {acceptInsecureCerts: false, browserName: msedge, browserVersion: 114.0.1823.43, ms:edgeOptions: {debuggerAddress: localhost:54339}, msedge: {msedgedriverVersion: 114.0.1823.43 (ef5b3acd8c1d..., userDataDir: C:\Users\HP\AppData\Local\T...}, networkConnectionEnabled: false, pageLoadStrategy: normal, platformName: windows, proxy: Proxy(), se:cdp: ws://localhost:54339/devtoo..., se:cdpVersion: 114.0.1823.43, setWindowRect: true, strictFileInteractability: false, timeouts: {implicit: 0, pageLoad: 300000, script: 30000}, unhandledPromptBehavior: dismiss and notify, webauthn:extension:credBlob: true, webauthn:extension:largeBlob: true, webauthn:extension:minPinLength: true, webauthn:extension:prf: true, webauthn:virtualAuthenticators: true}
Session ID: bc27cc20f1833e7a3d9a0e74137251aa
at org.openqa.selenium.remote.codec.w3c.W3CHttpResponseCodec.createException(W3CHttpResponseCodec.java:200)
at org.openqa.selenium.remote.codec.w3c.W3CHttpResponseCodec.decode(W3CHttpResponseCodec.java:133)
at org.openqa.selenium.remote.codec.w3c.W3CHttpResponseCodec.decode(W3CHttpResponseCodec.java:53)
at org.openqa.selenium.remote.HttpCommandExecutor.execute(HttpCommandExecutor.java:193)
at org.openqa.selenium.remote.service.DriverCommandExecutor.invokeExecute(DriverCommandExecutor.java:183)
at org.openqa.selenium.remote.service.DriverCommandExecutor.execute(DriverCommandExecutor.java:158)
at org.openqa.selenium.remote.RemoteWebDriver.execute(RemoteWebDriver.java:543)
at org.openqa.selenium.remote.ElementLocation$ElementFinder$2.findElement(ElementLocation.java:162)
at org.openqa.selenium.remote.ElementLocation.findElement(ElementLocation.java:60)
at org.openqa.selenium.remote.RemoteWebDriver.findElement(RemoteWebDriver.java:352)
at org.openqa.selenium.remote.RemoteWebDriver.findElement(RemoteWebDriver.java:344)
at com.qa.testcases.NewCustomerValidations.startTesting(NewCustomerValidations.java:60)
at java.base/java.util.ArrayList.forEach(ArrayList.java:1511)
... Removed 32 stack frames]]>
    </failure>
  </testcase> <!-- @BeforeMethod startTesting -->
  <testcase classname="com.qa.testcases.NewCustomerValidations" name="@AfterMethod tearDown" time="-1.686835709329E9">
    <skipped/>
  </testcase> <!-- @AfterMethod tearDown -->
  <testcase classname="com.qa.testcases.NewCustomerValidations" name="@BeforeMethod startTesting" time="-1.686835709337E9">
    <skipped/>
  </testcase> <!-- @BeforeMethod startTesting -->
  <testcase classname="com.qa.testcases.NewCustomerValidations" name="@AfterMethod tearDown" time="-1.686835709346E9">
    <skipped/>
  </testcase> <!-- @AfterMethod tearDown -->
  <testcase classname="com.qa.testcases.NewCustomerValidations" name="@BeforeMethod startTesting" time="-1.686835709348E9">
    <skipped/>
  </testcase> <!-- @BeforeMethod startTesting -->
  <testcase classname="com.qa.testcases.NewCustomerValidations" name="@AfterMethod tearDown" time="-1.686835709361E9">
    <skipped/>
  </testcase> <!-- @AfterMethod tearDown -->
  <testcase classname="com.qa.testcases.NewCustomerValidations" name="@BeforeMethod startTesting" time="-1.686835709364E9">
    <skipped/>
  </testcase> <!-- @BeforeMethod startTesting -->
  <testcase classname="com.qa.testcases.NewCustomerValidations" name="@AfterMethod tearDown" time="-1.68683570937E9">
    <skipped/>
  </testcase> <!-- @AfterMethod tearDown -->
  <testcase classname="com.qa.testcases.NewCustomerValidations" name="@BeforeMethod startTesting" time="-1.686835709372E9">
    <skipped/>
  </testcase> <!-- @BeforeMethod startTesting -->
  <testcase classname="com.qa.testcases.NewCustomerValidations" name="@AfterMethod tearDown" time="-1.686835709379E9">
    <skipped/>
  </testcase> <!-- @AfterMethod tearDown -->
  <testcase classname="com.qa.testcases.NewCustomerValidations" name="@BeforeMethod startTesting" time="-1.686835709381E9">
    <skipped/>
  </testcase> <!-- @BeforeMethod startTesting -->
  <testcase classname="com.qa.testcases.NewCustomerValidations" name="@AfterMethod tearDown" time="-1.686835709387E9">
    <skipped/>
  </testcase> <!-- @AfterMethod tearDown -->
  <testcase classname="com.qa.testcases.NewCustomerValidations" name="@BeforeMethod startTesting" time="-1.686835709388E9">
    <skipped/>
  </testcase> <!-- @BeforeMethod startTesting -->
  <testcase classname="com.qa.testcases.NewCustomerValidations" name="@AfterMethod tearDown" time="-1.686835709393E9">
    <skipped/>
  </testcase> <!-- @AfterMethod tearDown -->
  <testcase classname="com.qa.testcases.NewCustomerValidations" name="@BeforeMethod startTesting" time="-1.686835709395E9">
    <skipped/>
  </testcase> <!-- @BeforeMethod startTesting -->
  <testcase classname="com.qa.testcases.NewCustomerValidations" name="@AfterMethod tearDown" time="-1.6868357094E9">
    <skipped/>
  </testcase> <!-- @AfterMethod tearDown -->
  <testcase classname="com.qa.testcases.NewCustomerValidations" name="@BeforeMethod startTesting" time="-1.686835709402E9">
    <skipped/>
  </testcase> <!-- @BeforeMethod startTesting -->
  <testcase classname="com.qa.testcases.NewCustomerValidations" name="@AfterMethod tearDown" time="-1.686835709407E9">
    <skipped/>
  </testcase> <!-- @AfterMethod tearDown -->
  <testcase classname="com.qa.testcases.NewCustomerValidations" name="@BeforeMethod startTesting" time="-1.686835709409E9">
    <skipped/>
  </testcase> <!-- @BeforeMethod startTesting -->
  <testcase classname="com.qa.testcases.NewCustomerValidations" name="@AfterMethod tearDown" time="-1.686835709526E9">
    <skipped/>
  </testcase> <!-- @AfterMethod tearDown -->
  <testcase classname="com.qa.testcases.NewCustomerValidations" name="@BeforeMethod startTesting" time="-1.686835709532E9">
    <skipped/>
  </testcase> <!-- @BeforeMethod startTesting -->
  <testcase classname="com.qa.testcases.NewCustomerValidations" name="@AfterMethod tearDown" time="-1.686835709544E9">
    <skipped/>
  </testcase> <!-- @AfterMethod tearDown -->
  <testcase classname="com.qa.testcases.NewCustomerValidations" name="@BeforeMethod startTesting" time="-1.686835709547E9">
    <skipped/>
  </testcase> <!-- @BeforeMethod startTesting -->
  <testcase classname="com.qa.testcases.NewCustomerValidations" name="@AfterMethod tearDown" time="-1.686835709558E9">
    <skipped/>
  </testcase> <!-- @AfterMethod tearDown -->
  <testcase classname="com.qa.testcases.NewCustomerValidations" name="@BeforeMethod startTesting" time="-1.686835709562E9">
    <skipped/>
  </testcase> <!-- @BeforeMethod startTesting -->
  <testcase classname="com.qa.testcases.NewCustomerValidations" name="@AfterMethod tearDown" time="-1.686835709567E9">
    <skipped/>
  </testcase> <!-- @AfterMethod tearDown -->
  <testcase classname="com.qa.testcases.NewCustomerValidations" name="@BeforeMethod startTesting" time="-1.686835709571E9">
    <skipped/>
  </testcase> <!-- @BeforeMethod startTesting -->
  <testcase classname="com.qa.testcases.NewCustomerValidations" name="@AfterMethod tearDown" time="-1.686835709578E9">
    <skipped/>
  </testcase> <!-- @AfterMethod tearDown -->
  <testcase classname="com.qa.testcases.NewCustomerValidations" name="@BeforeMethod startTesting" time="-1.68683570958E9">
    <skipped/>
  </testcase> <!-- @BeforeMethod startTesting -->
  <testcase classname="com.qa.testcases.NewCustomerValidations" name="@AfterMethod tearDown" time="-1.686835709588E9">
    <skipped/>
  </testcase> <!-- @AfterMethod tearDown -->
  <testcase classname="com.qa.testcases.NewCustomerValidations" name="@BeforeMethod startTesting" time="-1.686835709589E9">
    <skipped/>
  </testcase> <!-- @BeforeMethod startTesting -->
  <testcase classname="com.qa.testcases.NewCustomerValidations" name="@AfterMethod tearDown" time="-1.68683570965E9">
    <skipped/>
  </testcase> <!-- @AfterMethod tearDown -->
  <testcase classname="com.qa.testcases.NewCustomerValidations" name="@BeforeMethod startTesting" time="-1.686835709675E9">
    <skipped/>
  </testcase> <!-- @BeforeMethod startTesting -->
  <testcase classname="com.qa.testcases.NewCustomerValidations" name="@AfterMethod tearDown" time="-1.68683570968E9">
    <skipped/>
  </testcase> <!-- @AfterMethod tearDown -->
  <testcase classname="com.qa.testcases.NewCustomerValidations" name="@BeforeMethod startTesting" time="-1.686835709683E9">
    <skipped/>
  </testcase> <!-- @BeforeMethod startTesting -->
  <testcase classname="com.qa.testcases.NewCustomerValidations" name="@AfterMethod tearDown" time="-1.686835709688E9">
    <skipped/>
  </testcase> <!-- @AfterMethod tearDown -->
  <testcase classname="com.qa.testcases.NewCustomerValidations" name="@BeforeMethod startTesting" time="-1.686835709714E9">
    <skipped/>
  </testcase> <!-- @BeforeMethod startTesting -->
  <testcase classname="com.qa.testcases.NewCustomerValidations" name="@AfterMethod tearDown" time="-1.686835709723E9">
    <skipped/>
  </testcase> <!-- @AfterMethod tearDown -->
  <testcase classname="com.qa.testcases.NewCustomerValidations" name="@BeforeMethod startTesting" time="-1.686835709726E9">
    <skipped/>
  </testcase> <!-- @BeforeMethod startTesting -->
  <testcase classname="com.qa.testcases.NewCustomerValidations" name="@AfterMethod tearDown" time="-1.686835709735E9">
    <skipped/>
  </testcase> <!-- @AfterMethod tearDown -->
  <testcase classname="com.qa.testcases.NewCustomerValidations" name="@BeforeMethod startTesting" time="-1.686835709741E9">
    <skipped/>
  </testcase> <!-- @BeforeMethod startTesting -->
  <testcase classname="com.qa.testcases.NewCustomerValidations" name="@AfterMethod tearDown" time="-1.68683570975E9">
    <skipped/>
  </testcase> <!-- @AfterMethod tearDown -->
  <testcase classname="com.qa.testcases.NewCustomerValidations" name="@BeforeMethod startTesting" time="-1.686835709757E9">
    <skipped/>
  </testcase> <!-- @BeforeMethod startTesting -->
  <testcase classname="com.qa.testcases.NewCustomerValidations" name="@AfterMethod tearDown" time="-1.68683570977E9">
    <skipped/>
  </testcase> <!-- @AfterMethod tearDown -->
  <testcase classname="com.qa.testcases.NewCustomerValidations" name="@BeforeMethod startTesting" time="-1.686835709773E9">
    <skipped/>
  </testcase> <!-- @BeforeMethod startTesting -->
  <testcase classname="com.qa.testcases.NewCustomerValidations" name="@AfterMethod tearDown" time="-1.686835709784E9">
    <skipped/>
  </testcase> <!-- @AfterMethod tearDown -->
  <testcase classname="com.qa.testcases.NewCustomerValidations" name="@BeforeMethod startTesting" time="-1.686835709787E9">
    <skipped/>
  </testcase> <!-- @BeforeMethod startTesting -->
  <testcase classname="com.qa.testcases.NewCustomerValidations" name="@AfterMethod tearDown" time="-1.68683570979E9">
    <skipped/>
  </testcase> <!-- @AfterMethod tearDown -->
  <testcase classname="com.qa.testcases.NewCustomerValidations" name="@BeforeMethod startTesting" time="-1.686835709793E9">
    <skipped/>
  </testcase> <!-- @BeforeMethod startTesting -->
  <testcase classname="com.qa.testcases.NewCustomerValidations" name="@AfterMethod tearDown" time="-1.686835709797E9">
    <skipped/>
  </testcase> <!-- @AfterMethod tearDown -->
  <testcase classname="com.qa.testcases.NewCustomerValidations" name="@BeforeMethod startTesting" time="-1.686835709804E9">
    <skipped/>
  </testcase> <!-- @BeforeMethod startTesting -->
  <testcase classname="com.qa.testcases.NewCustomerValidations" name="@AfterMethod tearDown" time="-1.686835709835E9">
    <skipped/>
  </testcase> <!-- @AfterMethod tearDown -->
  <testcase classname="com.qa.testcases.NewCustomerValidations" name="@BeforeMethod startTesting" time="-1.68683570984E9">
    <skipped/>
  </testcase> <!-- @BeforeMethod startTesting -->
  <testcase classname="com.qa.testcases.NewCustomerValidations" name="@AfterMethod tearDown" time="-1.686835709852E9">
    <skipped/>
  </testcase> <!-- @AfterMethod tearDown -->
  <testcase classname="com.qa.testcases.NewCustomerValidations" name="@BeforeMethod startTesting" time="-1.686835709863E9">
    <skipped/>
  </testcase> <!-- @BeforeMethod startTesting -->
  <testcase classname="com.qa.testcases.NewCustomerValidations" name="@AfterMethod tearDown" time="-1.686835709876E9">
    <skipped/>
  </testcase> <!-- @AfterMethod tearDown -->
  <testcase classname="com.qa.testcases.NewCustomerValidations" name="@BeforeMethod startTesting" time="-1.686835709884E9">
    <skipped/>
  </testcase> <!-- @BeforeMethod startTesting -->
  <testcase classname="com.qa.testcases.NewCustomerValidations" name="@AfterMethod tearDown" time="-1.686835709905E9">
    <skipped/>
  </testcase> <!-- @AfterMethod tearDown -->
  <testcase classname="com.qa.testcases.NewCustomerValidations" name="@BeforeMethod startTesting" time="-1.686835709907E9">
    <skipped/>
  </testcase> <!-- @BeforeMethod startTesting -->
  <testcase classname="com.qa.testcases.NewCustomerValidations" name="@AfterMethod tearDown" time="-1.686835709919E9">
    <skipped/>
  </testcase> <!-- @AfterMethod tearDown -->
  <testcase classname="com.qa.testcases.NewCustomerValidations" name="verifyCustomerNameWithNumbers" time="0.0">
    <skipped/>
  </testcase> <!-- verifyCustomerNameWithNumbers -->
  <testcase classname="com.qa.testcases.NewCustomerValidations" name="verifyCustomerNameWithSpecialCharacters" time="0.0">
    <skipped/>
  </testcase> <!-- verifyCustomerNameWithSpecialCharacters -->
  <testcase classname="com.qa.testcases.NewCustomerValidations" name="verifyCustomerNameWithoutData" time="0.0">
    <skipped/>
  </testcase> <!-- verifyCustomerNameWithoutData -->
  <testcase classname="com.qa.testcases.NewCustomerValidations" name="verifyWithCustomerName" time="0.0">
    <skipped/>
  </testcase> <!-- verifyWithCustomerName -->
  <testcase classname="com.qa.testcases.NewCustomerValidations" name="verifyCustomerNameWithSpace" time="0.0">
    <skipped/>
  </testcase> <!-- verifyCustomerNameWithSpace -->
  <testcase classname="com.qa.testcases.NewCustomerValidations" name="verifyAddressWithoutData" time="0.0">
    <skipped/>
  </testcase> <!-- verifyAddressWithoutData -->
  <testcase classname="com.qa.testcases.NewCustomerValidations" name="verifyAddressFieldWithSpace" time="0.0">
    <skipped/>
  </testcase> <!-- verifyAddressFieldWithSpace -->
  <testcase classname="com.qa.testcases.NewCustomerValidations" name="verifyCityWithoutData" time="0.0">
    <skipped/>
  </testcase> <!-- verifyCityWithoutData -->
  <testcase classname="com.qa.testcases.NewCustomerValidations" name="verifyCityWithNumericData" time="0.0">
    <skipped/>
  </testcase> <!-- verifyCityWithNumericData -->
  <testcase classname="com.qa.testcases.NewCustomerValidations" name="verifyCityWithSpecialCharacter" time="0.0">
    <skipped/>
  </testcase> <!-- verifyCityWithSpecialCharacter -->
  <testcase classname="com.qa.testcases.NewCustomerValidations" name="verifyCityWithFirstCharacterSpace" time="0.0">
    <skipped/>
  </testcase> <!-- verifyCityWithFirstCharacterSpace -->
  <testcase classname="com.qa.testcases.NewCustomerValidations" name="verifyStateWithoutData" time="0.0">
    <skipped/>
  </testcase> <!-- verifyStateWithoutData -->
  <testcase classname="com.qa.testcases.NewCustomerValidations" name="verifyStateWithNumericData" time="0.0">
    <skipped/>
  </testcase> <!-- verifyStateWithNumericData -->
  <testcase classname="com.qa.testcases.NewCustomerValidations" name="verifyStateWithSpecialCharacter" time="0.0">
    <skipped/>
  </testcase> <!-- verifyStateWithSpecialCharacter -->
  <testcase classname="com.qa.testcases.NewCustomerValidations" name="verifyStateWithFirstCharacterSpace" time="0.0">
    <skipped/>
  </testcase> <!-- verifyStateWithFirstCharacterSpace -->
  <testcase classname="com.qa.testcases.NewCustomerValidations" name="verifyPINWithoutData" time="0.0">
    <skipped/>
  </testcase> <!-- verifyPINWithoutData -->
  <testcase classname="com.qa.testcases.NewCustomerValidations" name="verifyPINWithCharacterData" time="0.0">
    <skipped/>
  </testcase> <!-- verifyPINWithCharacterData -->
  <testcase classname="com.qa.testcases.NewCustomerValidations" name="verifyPINWithSpecialCharacter" time="0.0">
    <skipped/>
  </testcase> <!-- verifyPINWithSpecialCharacter -->
  <testcase classname="com.qa.testcases.NewCustomerValidations" name="verifyPinWithFirstCharacterSpace" time="0.0">
    <skipped/>
  </testcase> <!-- verifyPinWithFirstCharacterSpace -->
  <testcase classname="com.qa.testcases.NewCustomerValidations" name="verifyPinNoWith4" time="0.0">
    <skipped/>
  </testcase> <!-- verifyPinNoWith4 -->
  <testcase classname="com.qa.testcases.NewCustomerValidations" name="verifyPinNoWithMidSpaces" time="0.0">
    <skipped/>
  </testcase> <!-- verifyPinNoWithMidSpaces -->
  <testcase classname="com.qa.testcases.NewCustomerValidations" name="verifyTelephoneWithoutData" time="0.0">
    <skipped/>
  </testcase> <!-- verifyTelephoneWithoutData -->
  <testcase classname="com.qa.testcases.NewCustomerValidations" name="verifyTelephoneFirstSpace" time="0.0">
    <skipped/>
  </testcase> <!-- verifyTelephoneFirstSpace -->
  <testcase classname="com.qa.testcases.NewCustomerValidations" name="verifyTelephoneMidSpace" time="0.0">
    <skipped/>
  </testcase> <!-- verifyTelephoneMidSpace -->
  <testcase classname="com.qa.testcases.NewCustomerValidations" name="verifyTelephoneSpecial" time="0.0">
    <skipped/>
  </testcase> <!-- verifyTelephoneSpecial -->
  <testcase classname="com.qa.testcases.NewCustomerValidations" name="verifyEmailAsBlank" time="0.0">
    <skipped/>
  </testcase> <!-- verifyEmailAsBlank -->
  <testcase classname="com.qa.testcases.NewCustomerValidations" name="verifyEmailInCorrectForm" time="0.0">
    <skipped/>
  </testcase> <!-- verifyEmailInCorrectForm -->
  <testcase classname="com.qa.testcases.NewCustomerValidations" name="verifyEmailIDSpaces" time="0.0">
    <skipped/>
  </testcase> <!-- verifyEmailIDSpaces -->
  <testcase classname="com.qa.testcases.NewCustomerValidations" name="verifyCustomerNameText" time="0.0">
    <skipped/>
  </testcase> <!-- verifyCustomerNameText -->
  <testcase classname="com.qa.testcases.NewCustomerValidations" name="createuserWithData" time="0.0">
    <skipped/>
  </testcase> <!-- createuserWithData -->
</testsuite> <!-- Test -->
